{"D:\\test\\github\\test\\test\\coveralls_test.js":{"path":"D:\\test\\github\\test\\test\\coveralls_test.js","s":{"1":1,"2":1,"3":1,"4":1,"5":1,"6":0,"7":0,"8":0,"9":1,"10":0,"11":0,"12":1,"13":0,"14":0,"15":1,"16":0,"17":0,"18":0,"19":0,"20":0,"21":0,"22":0,"23":0,"24":0,"25":0,"26":0,"27":0,"28":0,"29":0,"30":0,"31":0,"32":0,"33":0,"34":0,"35":0,"36":0,"37":0,"38":0,"39":0,"40":0,"41":0,"42":0,"43":0,"44":0,"45":0,"46":0,"47":0,"48":0,"49":0,"50":0,"51":0,"52":0,"53":0,"54":0,"55":0,"56":0,"57":0,"58":0},"b":{},"f":{"1":0,"2":0,"3":0,"4":0,"5":0,"6":0,"7":0,"8":0,"9":0,"10":0,"11":0,"12":0,"13":0,"14":0,"15":0,"16":0,"17":0,"18":0,"19":0,"20":0,"21":0,"22":0},"fnMap":{"1":{"name":"runGruntTask","line":9,"loc":{"start":{"line":9,"column":0},"end":{"line":9,"column":42}}},"2":{"name":"(anonymous_2)","line":16,"loc":{"start":{"line":16,"column":15},"end":{"line":16,"column":26}}},"3":{"name":"givenCoverallsWillFail","line":20,"loc":{"start":{"line":20,"column":0},"end":{"line":20,"column":34}}},"4":{"name":"givenFileReadsWillFail","line":25,"loc":{"start":{"line":25,"column":0},"end":{"line":25,"column":34}}},"5":{"name":"(anonymous_5)","line":31,"loc":{"start":{"line":31,"column":11},"end":{"line":31,"column":31}}},"6":{"name":"(anonymous_6)","line":37,"loc":{"start":{"line":37,"column":14},"end":{"line":37,"column":34}}},"7":{"name":"(anonymous_7)","line":43,"loc":{"start":{"line":43,"column":31},"end":{"line":43,"column":47}}},"8":{"name":"(anonymous_8)","line":44,"loc":{"start":{"line":44,"column":45},"end":{"line":44,"column":63}}},"9":{"name":"(anonymous_9)","line":53,"loc":{"start":{"line":53,"column":44},"end":{"line":53,"column":60}}},"10":{"name":"(anonymous_10)","line":54,"loc":{"start":{"line":54,"column":52},"end":{"line":54,"column":70}}},"11":{"name":"(anonymous_11)","line":62,"loc":{"start":{"line":62,"column":28},"end":{"line":62,"column":44}}},"12":{"name":"(anonymous_12)","line":63,"loc":{"start":{"line":63,"column":54},"end":{"line":63,"column":72}}},"13":{"name":"(anonymous_13)","line":73,"loc":{"start":{"line":73,"column":52},"end":{"line":73,"column":68}}},"14":{"name":"(anonymous_14)","line":74,"loc":{"start":{"line":74,"column":58},"end":{"line":74,"column":76}}},"15":{"name":"(anonymous_15)","line":83,"loc":{"start":{"line":83,"column":62},"end":{"line":83,"column":78}}},"16":{"name":"(anonymous_16)","line":84,"loc":{"start":{"line":84,"column":57},"end":{"line":84,"column":75}}},"17":{"name":"(anonymous_17)","line":92,"loc":{"start":{"line":92,"column":35},"end":{"line":92,"column":51}}},"18":{"name":"(anonymous_18)","line":95,"loc":{"start":{"line":95,"column":45},"end":{"line":95,"column":63}}},"19":{"name":"(anonymous_19)","line":103,"loc":{"start":{"line":103,"column":39},"end":{"line":103,"column":55}}},"20":{"name":"(anonymous_20)","line":106,"loc":{"start":{"line":106,"column":45},"end":{"line":106,"column":63}}},"21":{"name":"(anonymous_21)","line":112,"loc":{"start":{"line":112,"column":44},"end":{"line":112,"column":60}}},"22":{"name":"(anonymous_22)","line":115,"loc":{"start":{"line":115,"column":51},"end":{"line":115,"column":69}}}},"statementMap":{"1":{"start":{"line":3,"column":0},"end":{"line":3,"column":37}},"2":{"start":{"line":4,"column":0},"end":{"line":4,"column":23}},"3":{"start":{"line":5,"column":0},"end":{"line":5,"column":29}},"4":{"start":{"line":6,"column":0},"end":{"line":6,"column":29}},"5":{"start":{"line":9,"column":0},"end":{"line":18,"column":1}},"6":{"start":{"line":10,"column":4},"end":{"line":10,"column":50}},"7":{"start":{"line":11,"column":4},"end":{"line":17,"column":18}},"8":{"start":{"line":16,"column":28},"end":{"line":16,"column":44}},"9":{"start":{"line":20,"column":0},"end":{"line":23,"column":1}},"10":{"start":{"line":21,"column":4},"end":{"line":21,"column":36}},"11":{"start":{"line":22,"column":4},"end":{"line":22,"column":66}},"12":{"start":{"line":25,"column":0},"end":{"line":28,"column":1}},"13":{"start":{"line":26,"column":4},"end":{"line":26,"column":26}},"14":{"start":{"line":27,"column":4},"end":{"line":27,"column":56}},"15":{"start":{"line":30,"column":0},"end":{"line":120,"column":2}},"16":{"start":{"line":32,"column":8},"end":{"line":32,"column":67}},"17":{"start":{"line":33,"column":8},"end":{"line":33,"column":34}},"18":{"start":{"line":34,"column":8},"end":{"line":34,"column":19}},"19":{"start":{"line":38,"column":8},"end":{"line":38,"column":30}},"20":{"start":{"line":39,"column":8},"end":{"line":39,"column":40}},"21":{"start":{"line":40,"column":8},"end":{"line":40,"column":19}},"22":{"start":{"line":44,"column":8},"end":{"line":50,"column":11}},"23":{"start":{"line":45,"column":12},"end":{"line":45,"column":52}},"24":{"start":{"line":47,"column":12},"end":{"line":47,"column":54}},"25":{"start":{"line":48,"column":12},"end":{"line":48,"column":111}},"26":{"start":{"line":49,"column":12},"end":{"line":49,"column":24}},"27":{"start":{"line":54,"column":8},"end":{"line":59,"column":11}},"28":{"start":{"line":55,"column":12},"end":{"line":55,"column":44}},"29":{"start":{"line":57,"column":12},"end":{"line":57,"column":51}},"30":{"start":{"line":58,"column":12},"end":{"line":58,"column":24}},"31":{"start":{"line":63,"column":8},"end":{"line":70,"column":11}},"32":{"start":{"line":64,"column":12},"end":{"line":64,"column":52}},"33":{"start":{"line":66,"column":12},"end":{"line":66,"column":55}},"34":{"start":{"line":67,"column":12},"end":{"line":67,"column":80}},"35":{"start":{"line":68,"column":12},"end":{"line":68,"column":81}},"36":{"start":{"line":69,"column":12},"end":{"line":69,"column":24}},"37":{"start":{"line":74,"column":8},"end":{"line":80,"column":11}},"38":{"start":{"line":75,"column":12},"end":{"line":75,"column":52}},"39":{"start":{"line":77,"column":12},"end":{"line":77,"column":54}},"40":{"start":{"line":78,"column":12},"end":{"line":78,"column":80}},"41":{"start":{"line":79,"column":12},"end":{"line":79,"column":24}},"42":{"start":{"line":84,"column":8},"end":{"line":89,"column":11}},"43":{"start":{"line":85,"column":12},"end":{"line":85,"column":44}},"44":{"start":{"line":87,"column":12},"end":{"line":87,"column":51}},"45":{"start":{"line":88,"column":12},"end":{"line":88,"column":24}},"46":{"start":{"line":93,"column":8},"end":{"line":93,"column":33}},"47":{"start":{"line":95,"column":8},"end":{"line":100,"column":11}},"48":{"start":{"line":96,"column":12},"end":{"line":96,"column":44}},"49":{"start":{"line":98,"column":12},"end":{"line":98,"column":51}},"50":{"start":{"line":99,"column":12},"end":{"line":99,"column":24}},"51":{"start":{"line":104,"column":8},"end":{"line":104,"column":33}},"52":{"start":{"line":106,"column":8},"end":{"line":109,"column":11}},"53":{"start":{"line":107,"column":12},"end":{"line":107,"column":44}},"54":{"start":{"line":108,"column":12},"end":{"line":108,"column":24}},"55":{"start":{"line":113,"column":8},"end":{"line":113,"column":33}},"56":{"start":{"line":115,"column":8},"end":{"line":118,"column":11}},"57":{"start":{"line":116,"column":12},"end":{"line":116,"column":75}},"58":{"start":{"line":117,"column":12},"end":{"line":117,"column":24}}},"branchMap":{}}}