TN:
SF:D:\test\github\test\test\coveralls_test.js
FN:9,runGruntTask
FN:16,(anonymous_2)
FN:20,givenCoverallsWillFail
FN:25,givenFileReadsWillFail
FN:31,(anonymous_5)
FN:37,(anonymous_6)
FN:43,(anonymous_7)
FN:44,(anonymous_8)
FN:53,(anonymous_9)
FN:54,(anonymous_10)
FN:62,(anonymous_11)
FN:63,(anonymous_12)
FN:73,(anonymous_13)
FN:74,(anonymous_14)
FN:83,(anonymous_15)
FN:84,(anonymous_16)
FN:92,(anonymous_17)
FN:95,(anonymous_18)
FN:103,(anonymous_19)
FN:106,(anonymous_20)
FN:112,(anonymous_21)
FN:115,(anonymous_22)
FNF:22
FNH:0
FNDA:0,runGruntTask
FNDA:0,(anonymous_2)
FNDA:0,givenCoverallsWillFail
FNDA:0,givenFileReadsWillFail
FNDA:0,(anonymous_5)
FNDA:0,(anonymous_6)
FNDA:0,(anonymous_7)
FNDA:0,(anonymous_8)
FNDA:0,(anonymous_9)
FNDA:0,(anonymous_10)
FNDA:0,(anonymous_11)
FNDA:0,(anonymous_12)
FNDA:0,(anonymous_13)
FNDA:0,(anonymous_14)
FNDA:0,(anonymous_15)
FNDA:0,(anonymous_16)
FNDA:0,(anonymous_17)
FNDA:0,(anonymous_18)
FNDA:0,(anonymous_19)
FNDA:0,(anonymous_20)
FNDA:0,(anonymous_21)
FNDA:0,(anonymous_22)
DA:3,1
DA:4,1
DA:5,1
DA:6,1
DA:9,1
DA:10,0
DA:11,0
DA:16,0
DA:20,1
DA:21,0
DA:22,0
DA:25,1
DA:26,0
DA:27,0
DA:30,1
DA:32,0
DA:33,0
DA:34,0
DA:38,0
DA:39,0
DA:40,0
DA:44,0
DA:45,0
DA:47,0
DA:48,0
DA:49,0
DA:54,0
DA:55,0
DA:57,0
DA:58,0
DA:63,0
DA:64,0
DA:66,0
DA:67,0
DA:68,0
DA:69,0
DA:74,0
DA:75,0
DA:77,0
DA:78,0
DA:79,0
DA:84,0
DA:85,0
DA:87,0
DA:88,0
DA:93,0
DA:95,0
DA:96,0
DA:98,0
DA:99,0
DA:104,0
DA:106,0
DA:107,0
DA:108,0
DA:113,0
DA:115,0
DA:116,0
DA:117,0
LF:58
LH:8
BRF:0
BRH:0
end_of_record
