{"/home/wlchair/Desktop/git/test/Gruntfile.js":{"path":"/home/wlchair/Desktop/git/test/Gruntfile.js","s":{"1":1,"2":1,"3":1,"4":1,"5":1,"6":1,"7":1,"8":1,"9":1},"b":{},"f":{"1":1},"fnMap":{"1":{"name":"(anonymous_1)","line":11,"loc":{"start":{"line":11,"column":17},"end":{"line":11,"column":33}}}},"statementMap":{"1":{"start":{"line":11,"column":0},"end":{"line":85,"column":2}},"2":{"start":{"line":13,"column":4},"end":{"line":74,"column":7}},"3":{"start":{"line":76,"column":4},"end":{"line":76,"column":29}},"4":{"start":{"line":78,"column":4},"end":{"line":78,"column":47}},"5":{"start":{"line":79,"column":4},"end":{"line":79,"column":49}},"6":{"start":{"line":80,"column":4},"end":{"line":80,"column":46}},"7":{"start":{"line":81,"column":4},"end":{"line":81,"column":37}},"8":{"start":{"line":83,"column":4},"end":{"line":83,"column":44}},"9":{"start":{"line":84,"column":4},"end":{"line":84,"column":55}}},"branchMap":{}},"/home/wlchair/Desktop/git/test/tasks/coverallsTask.js":{"path":"/home/wlchair/Desktop/git/test/tasks/coverallsTask.js","s":{"1":1,"2":1,"3":8,"4":8,"5":2,"6":2,"7":8,"8":8,"9":1,"10":7,"11":7,"12":7,"13":6,"14":3,"15":3,"16":3,"17":1,"18":1,"19":2,"20":2,"21":8,"22":7,"23":1,"24":7,"25":7,"26":7,"27":7,"28":7,"29":7,"30":1,"31":1,"32":6,"33":6,"34":2,"35":2,"36":4,"37":4,"38":1},"b":{"1":[8,7],"2":[2,6],"3":[7,7],"4":[6,1],"5":[3,3],"6":[1,2],"7":[1,6],"8":[2,4]},"f":{"1":1,"2":8,"3":7,"4":7,"5":7,"6":6},"fnMap":{"1":{"name":"(anonymous_1)","line":3,"loc":{"start":{"line":3,"column":17},"end":{"line":3,"column":33}}},"2":{"name":"Runner","line":4,"loc":{"start":{"line":4,"column":4},"end":{"line":4,"column":22}}},"3":{"name":"receiveResult","line":16,"loc":{"start":{"line":16,"column":8},"end":{"line":16,"column":39}}},"4":{"name":"submitToCoveralls","line":39,"loc":{"start":{"line":39,"column":4},"end":{"line":39,"column":51}}},"5":{"name":"(anonymous_5)","line":49,"loc":{"start":{"line":49,"column":38},"end":{"line":49,"column":65}}},"6":{"name":"(anonymous_6)","line":55,"loc":{"start":{"line":55,"column":45},"end":{"line":55,"column":59}}}},"statementMap":{"1":{"start":{"line":3,"column":0},"end":{"line":68,"column":2}},"2":{"start":{"line":4,"column":4},"end":{"line":37,"column":5}},"3":{"start":{"line":5,"column":8},"end":{"line":6,"column":50}},"4":{"start":{"line":8,"column":8},"end":{"line":11,"column":9}},"5":{"start":{"line":9,"column":12},"end":{"line":9,"column":79}},"6":{"start":{"line":10,"column":12},"end":{"line":10,"column":24}},"7":{"start":{"line":13,"column":8},"end":{"line":13,"column":30}},"8":{"start":{"line":14,"column":8},"end":{"line":14,"column":56}},"9":{"start":{"line":16,"column":8},"end":{"line":32,"column":9}},"10":{"start":{"line":17,"column":12},"end":{"line":17,"column":46}},"11":{"start":{"line":18,"column":12},"end":{"line":18,"column":35}},"12":{"start":{"line":20,"column":12},"end":{"line":31,"column":13}},"13":{"start":{"line":21,"column":16},"end":{"line":30,"column":17}},"14":{"start":{"line":22,"column":20},"end":{"line":22,"column":89}},"15":{"start":{"line":23,"column":20},"end":{"line":23,"column":31}},"16":{"start":{"line":24,"column":23},"end":{"line":30,"column":17}},"17":{"start":{"line":25,"column":20},"end":{"line":25,"column":94}},"18":{"start":{"line":26,"column":20},"end":{"line":26,"column":31}},"19":{"start":{"line":28,"column":20},"end":{"line":28,"column":86}},"20":{"start":{"line":29,"column":20},"end":{"line":29,"column":32}},"21":{"start":{"line":34,"column":8},"end":{"line":36,"column":9}},"22":{"start":{"line":35,"column":12},"end":{"line":35,"column":64}},"23":{"start":{"line":39,"column":4},"end":{"line":65,"column":5}},"24":{"start":{"line":40,"column":8},"end":{"line":40,"column":78}},"25":{"start":{"line":42,"column":8},"end":{"line":42,"column":45}},"26":{"start":{"line":45,"column":8},"end":{"line":45,"column":56}},"27":{"start":{"line":47,"column":8},"end":{"line":47,"column":31}},"28":{"start":{"line":49,"column":8},"end":{"line":64,"column":11}},"29":{"start":{"line":50,"column":10},"end":{"line":53,"column":11}},"30":{"start":{"line":51,"column":12},"end":{"line":51,"column":90}},"31":{"start":{"line":52,"column":12},"end":{"line":52,"column":35}},"32":{"start":{"line":55,"column":10},"end":{"line":63,"column":13}},"33":{"start":{"line":56,"column":12},"end":{"line":59,"column":13}},"34":{"start":{"line":57,"column":14},"end":{"line":57,"column":90}},"35":{"start":{"line":58,"column":14},"end":{"line":58,"column":37}},"36":{"start":{"line":61,"column":12},"end":{"line":61,"column":85}},"37":{"start":{"line":62,"column":12},"end":{"line":62,"column":27}},"38":{"start":{"line":67,"column":4},"end":{"line":67,"column":120}}},"branchMap":{"1":{"line":6,"type":"binary-expr","locations":[{"start":{"line":6,"column":20},"end":{"line":6,"column":40}},{"start":{"line":6,"column":44},"end":{"line":6,"column":49}}]},"2":{"line":8,"type":"if","locations":[{"start":{"line":8,"column":8},"end":{"line":8,"column":8}},{"start":{"line":8,"column":8},"end":{"line":8,"column":8}}]},"3":{"line":17,"type":"binary-expr","locations":[{"start":{"line":17,"column":25},"end":{"line":17,"column":35}},{"start":{"line":17,"column":39},"end":{"line":17,"column":45}}]},"4":{"line":20,"type":"if","locations":[{"start":{"line":20,"column":12},"end":{"line":20,"column":12}},{"start":{"line":20,"column":12},"end":{"line":20,"column":12}}]},"5":{"line":21,"type":"if","locations":[{"start":{"line":21,"column":16},"end":{"line":21,"column":16}},{"start":{"line":21,"column":16},"end":{"line":21,"column":16}}]},"6":{"line":24,"type":"if","locations":[{"start":{"line":24,"column":23},"end":{"line":24,"column":23}},{"start":{"line":24,"column":23},"end":{"line":24,"column":23}}]},"7":{"line":50,"type":"if","locations":[{"start":{"line":50,"column":10},"end":{"line":50,"column":10}},{"start":{"line":50,"column":10},"end":{"line":50,"column":10}}]},"8":{"line":56,"type":"if","locations":[{"start":{"line":56,"column":12},"end":{"line":56,"column":12}},{"start":{"line":56,"column":12},"end":{"line":56,"column":12}}]}}}}