TN:
SF:/home/wlchair/Desktop/git/test/Gruntfile.js
FN:11,(anonymous_1)
FNF:1
FNH:1
FNDA:1,(anonymous_1)
DA:11,1
DA:13,1
DA:76,1
DA:78,1
DA:79,1
DA:80,1
DA:81,1
DA:83,1
DA:84,1
LF:9
LH:9
BRF:0
BRH:0
end_of_record
TN:
SF:/home/wlchair/Desktop/git/test/tasks/coverallsTask.js
FN:3,(anonymous_1)
FN:4,Runner
FN:16,receiveResult
FN:39,submitToCoveralls
FN:49,(anonymous_5)
FN:55,(anonymous_6)
FNF:6
FNH:6
FNDA:1,(anonymous_1)
FNDA:8,Runner
FNDA:7,receiveResult
FNDA:7,submitToCoveralls
FNDA:7,(anonymous_5)
FNDA:6,(anonymous_6)
DA:3,1
DA:4,1
DA:5,8
DA:8,8
DA:9,2
DA:10,2
DA:13,8
DA:14,8
DA:16,1
DA:17,7
DA:18,7
DA:20,7
DA:21,6
DA:22,3
DA:23,3
DA:24,3
DA:25,1
DA:26,1
DA:28,2
DA:29,2
DA:34,8
DA:35,7
DA:39,1
DA:40,7
DA:42,7
DA:45,7
DA:47,7
DA:49,7
DA:50,7
DA:51,1
DA:52,1
DA:55,6
DA:56,6
DA:57,2
DA:58,2
DA:61,4
DA:62,4
DA:67,1
LF:38
LH:38
BRDA:6,1,0,8
BRDA:6,1,1,7
BRDA:8,2,0,2
BRDA:8,2,1,6
BRDA:17,3,0,7
BRDA:17,3,1,7
BRDA:20,4,0,6
BRDA:20,4,1,1
BRDA:21,5,0,3
BRDA:21,5,1,3
BRDA:24,6,0,1
BRDA:24,6,1,2
BRDA:50,7,0,1
BRDA:50,7,1,6
BRDA:56,8,0,2
BRDA:56,8,1,4
BRF:16
BRH:16
end_of_record
